2005.12.25 17:26 B D:\Jeroen's stuff2005\My Webs\myweb\aboutme.htm --> member.telpacific.com.au / aboutme.htm
2005.12.25 17:26 B D:\Jeroen's stuff2005\My Webs\myweb\DCP_1013a.jpg --> member.telpacific.com.au / DCP_1013a.jpg
2005.12.25 17:30 B D:\Jeroen's stuff2005\My Webs\myweb\ --> member.telpacific.com.au / 
2005.12.25 17:33 B D:\Jeroen's stuff2005\My Webs\myweb\100_0158.jpg --> member.telpacific.com.au / 100_0158.jpg
2005.12.25 17:36 B D:\Jeroen's stuff2005\My Webs\myweb\100_0158.jpg --> member.telpacific.com.au / 100_0158.jpg
2005.12.25 17:44 B D:\Jeroen's stuff2005\My Webs\myweb\00035.jpg --> member.telpacific.com.au / 00035.jpg
2005.12.25 17:44 B D:\Jeroen's stuff2005\My Webs\myweb\00035_small.jpg --> member.telpacific.com.au / 00035_small.jpg
2005.12.25 17:45 B D:\Jeroen's stuff2005\My Webs\myweb\100_0158.jpg --> member.telpacific.com.au / 100_0158.jpg
2005.12.25 17:45 B D:\Jeroen's stuff2005\My Webs\myweb\100_0158_small.JPG --> member.telpacific.com.au / 100_0158_small.JPG
2005.12.25 17:45 B D:\Jeroen's stuff2005\My Webs\myweb\2005-04-03 Julia's 18th Bdy 049.JPG --> member.telpacific.com.au / 2005-04-03 Julia's 18th Bdy 049.JPG
2005.12.25 17:45 B D:\Jeroen's stuff2005\My Webs\myweb\2005-04-03 Julia's 18th Bdy 049_small.JPG --> member.telpacific.com.au / 2005-04-03 Julia's 18th Bdy 049_small.JPG
2005.12.25 17:45 B D:\Jeroen's stuff2005\My Webs\myweb\2005-11-23 027.jpg --> member.telpacific.com.au / 2005-11-23 027.jpg
2005.12.25 17:45 B D:\Jeroen's stuff2005\My Webs\myweb\2005-11-23 027_small.JPG --> member.telpacific.com.au / 2005-11-23 027_small.JPG
2005.12.25 17:46 B D:\Jeroen's stuff2005\My Webs\myweb\2005-12-09 072a.jpg --> member.telpacific.com.au / 2005-12-09 072a.jpg
2005.12.25 17:46 B D:\Jeroen's stuff2005\My Webs\myweb\2005-12-09 072a_small.jpg --> member.telpacific.com.au / 2005-12-09 072a_small.jpg
2005.12.25 17:46 B D:\Jeroen's stuff2005\My Webs\myweb\aboutm1.jpg --> member.telpacific.com.au / aboutm1.jpg
2005.12.25 17:46 B D:\Jeroen's stuff2005\My Webs\myweb\aboutm2.jpg --> member.telpacific.com.au / aboutm2.jpg
2005.12.25 17:46 B D:\Jeroen's stuff2005\My Webs\myweb\Charles Henry's christening 002.jpg --> member.telpacific.com.au / Charles Henry's christening 002.jpg
2005.12.25 17:46 B D:\Jeroen's stuff2005\My Webs\myweb\Charles Henry's christening 002_small.jpg --> member.telpacific.com.au / Charles Henry's christening 002_small.jpg
2005.12.25 17:47 B D:\Jeroen's stuff2005\My Webs\myweb\CIMG1262a.JPG --> member.telpacific.com.au / CIMG1262a.JPG
2005.12.25 17:47 B D:\Jeroen's stuff2005\My Webs\myweb\CIMG1262a_small.JPG --> member.telpacific.com.au / CIMG1262a_small.JPG
2005.12.25 17:47 B D:\Jeroen's stuff2005\My Webs\myweb\DCP_0055.jpg --> member.telpacific.com.au / DCP_0055.jpg
2005.12.25 17:47 B D:\Jeroen's stuff2005\My Webs\myweb\DCP_0055_small.jpg --> member.telpacific.com.au / DCP_0055_small.jpg
2005.12.25 17:48 B D:\Jeroen's stuff2005\My Webs\myweb\DCP_0101.jpg --> member.telpacific.com.au / DCP_0101.jpg
2005.12.25 17:48 B D:\Jeroen's stuff2005\My Webs\myweb\DCP_0101_small.jpg --> member.telpacific.com.au / DCP_0101_small.jpg
2005.12.25 17:48 B D:\Jeroen's stuff2005\My Webs\myweb\DCP_0133.jpg --> member.telpacific.com.au / DCP_0133.jpg
2005.12.25 17:48 B D:\Jeroen's stuff2005\My Webs\myweb\DCP_0133_small.jpg --> member.telpacific.com.au / DCP_0133_small.jpg
2005.12.25 17:48 B D:\Jeroen's stuff2005\My Webs\myweb\DCP_0614.jpg --> member.telpacific.com.au / DCP_0614.jpg
2005.12.25 17:48 B D:\Jeroen's stuff2005\My Webs\myweb\DCP_0614_small.jpg --> member.telpacific.com.au / DCP_0614_small.jpg
2005.12.25 17:49 B D:\Jeroen's stuff2005\My Webs\myweb\DCP_0616.jpg --> member.telpacific.com.au / DCP_0616.jpg
2005.12.25 17:49 B D:\Jeroen's stuff2005\My Webs\myweb\DCP_0616_small.jpg --> member.telpacific.com.au / DCP_0616_small.jpg
2005.12.25 17:49 B D:\Jeroen's stuff2005\My Webs\myweb\DCP_0633B.jpg --> member.telpacific.com.au / DCP_0633B.jpg
2005.12.25 17:49 B D:\Jeroen's stuff2005\My Webs\myweb\DCP_0633B_small.jpg --> member.telpacific.com.au / DCP_0633B_small.jpg
2005.12.25 17:50 B D:\Jeroen's stuff2005\My Webs\myweb\DCP_0644A.jpg --> member.telpacific.com.au / DCP_0644A.jpg
2005.12.25 17:50 B D:\Jeroen's stuff2005\My Webs\myweb\DCP_0644A_small.jpg --> member.telpacific.com.au / DCP_0644A_small.jpg
2005.12.25 17:50 B D:\Jeroen's stuff2005\My Webs\myweb\DCP_0653a.jpg --> member.telpacific.com.au / DCP_0653a.jpg
2005.12.25 17:50 B D:\Jeroen's stuff2005\My Webs\myweb\DCP_0653a_small.jpg --> member.telpacific.com.au / DCP_0653a_small.jpg
2005.12.25 17:50 B D:\Jeroen's stuff2005\My Webs\myweb\DCP_0681.jpg --> member.telpacific.com.au / DCP_0681.jpg
2005.12.25 17:50 B D:\Jeroen's stuff2005\My Webs\myweb\DCP_0681_small.jpg --> member.telpacific.com.au / DCP_0681_small.jpg
2005.12.25 17:51 B D:\Jeroen's stuff2005\My Webs\myweb\DCP_0705.jpg --> member.telpacific.com.au / DCP_0705.jpg
2005.12.25 17:51 B D:\Jeroen's stuff2005\My Webs\myweb\DCP_0705_small.jpg --> member.telpacific.com.au / DCP_0705_small.jpg
2005.12.25 17:51 B D:\Jeroen's stuff2005\My Webs\myweb\DCP_0708.jpg --> member.telpacific.com.au / DCP_0708.jpg
2005.12.25 17:51 B D:\Jeroen's stuff2005\My Webs\myweb\DCP_0708_small.jpg --> member.telpacific.com.au / DCP_0708_small.jpg
2005.12.25 17:51 B D:\Jeroen's stuff2005\My Webs\myweb\DCP_0729.jpg --> member.telpacific.com.au / DCP_0729.jpg
2005.12.25 17:51 B D:\Jeroen's stuff2005\My Webs\myweb\DCP_0729_small.jpg --> member.telpacific.com.au / DCP_0729_small.jpg
2005.12.25 17:52 B D:\Jeroen's stuff2005\My Webs\myweb\DCP_0808.jpg --> member.telpacific.com.au / DCP_0808.jpg
2005.12.25 17:52 B D:\Jeroen's stuff2005\My Webs\myweb\DCP_0808_small.JPG --> member.telpacific.com.au / DCP_0808_small.JPG
2005.12.25 17:52 B D:\Jeroen's stuff2005\My Webs\myweb\DCP_0850.jpg --> member.telpacific.com.au / DCP_0850.jpg
2005.12.25 17:52 B D:\Jeroen's stuff2005\My Webs\myweb\DCP_0850_small.jpg --> member.telpacific.com.au / DCP_0850_small.jpg
2005.12.25 17:52 B D:\Jeroen's stuff2005\My Webs\myweb\DCP_0851.jpg --> member.telpacific.com.au / DCP_0851.jpg
2005.12.25 17:52 B D:\Jeroen's stuff2005\My Webs\myweb\DCP_0851_small.jpg --> member.telpacific.com.au / DCP_0851_small.jpg
2005.12.25 17:53 B D:\Jeroen's stuff2005\My Webs\myweb\DCP_0854a.jpg --> member.telpacific.com.au / DCP_0854a.jpg
2005.12.25 17:53 B D:\Jeroen's stuff2005\My Webs\myweb\DCP_0854a_small.jpg --> member.telpacific.com.au / DCP_0854a_small.jpg
2005.12.25 17:53 B D:\Jeroen's stuff2005\My Webs\myweb\DCP_0898.jpg --> member.telpacific.com.au / DCP_0898.jpg
2005.12.25 17:53 B D:\Jeroen's stuff2005\My Webs\myweb\DCP_0898_small.jpg --> member.telpacific.com.au / DCP_0898_small.jpg
2005.12.25 17:53 B D:\Jeroen's stuff2005\My Webs\myweb\DCP_0926.jpg --> member.telpacific.com.au / DCP_0926.jpg
2005.12.25 17:53 B D:\Jeroen's stuff2005\My Webs\myweb\DCP_0926_small.jpg --> member.telpacific.com.au / DCP_0926_small.jpg
2005.12.25 17:54 B D:\Jeroen's stuff2005\My Webs\myweb\DCP_0955.jpg --> member.telpacific.com.au / DCP_0955.jpg
2005.12.25 17:54 B D:\Jeroen's stuff2005\My Webs\myweb\DCP_0955_small.jpg --> member.telpacific.com.au / DCP_0955_small.jpg
2005.12.25 17:54 B D:\Jeroen's stuff2005\My Webs\myweb\DCP_0960a.jpg --> member.telpacific.com.au / DCP_0960a.jpg
2005.12.25 17:54 B D:\Jeroen's stuff2005\My Webs\myweb\DCP_0960a_small.jpg --> member.telpacific.com.au / DCP_0960a_small.jpg
2005.12.25 17:55 B D:\Jeroen's stuff2005\My Webs\myweb\DCP_0969.jpg --> member.telpacific.com.au / DCP_0969.jpg
2005.12.25 17:55 B D:\Jeroen's stuff2005\My Webs\myweb\DCP_0969_small.jpg --> member.telpacific.com.au / DCP_0969_small.jpg
2005.12.25 17:55 B D:\Jeroen's stuff2005\My Webs\myweb\DCP_0978a.jpg --> member.telpacific.com.au / DCP_0978a.jpg
2005.12.25 17:55 B D:\Jeroen's stuff2005\My Webs\myweb\DCP_0978a_small.jpg --> member.telpacific.com.au / DCP_0978a_small.jpg
2005.12.25 17:56 B D:\Jeroen's stuff2005\My Webs\myweb\DCP_0983a.jpg --> member.telpacific.com.au / DCP_0983a.jpg
2005.12.25 17:56 B D:\Jeroen's stuff2005\My Webs\myweb\DCP_0983a_small.jpg --> member.telpacific.com.au / DCP_0983a_small.jpg
2005.12.25 17:56 B D:\Jeroen's stuff2005\My Webs\myweb\DCP_0993.jpg --> member.telpacific.com.au / DCP_0993.jpg
2005.12.25 17:56 B D:\Jeroen's stuff2005\My Webs\myweb\DCP_0993_small.jpg --> member.telpacific.com.au / DCP_0993_small.jpg
2005.12.25 17:56 B D:\Jeroen's stuff2005\My Webs\myweb\DCP_1004a.jpg --> member.telpacific.com.au / DCP_1004a.jpg
2005.12.25 17:56 B D:\Jeroen's stuff2005\My Webs\myweb\DCP_1004a_small.jpg --> member.telpacific.com.au / DCP_1004a_small.jpg
2005.12.25 17:57 B D:\Jeroen's stuff2005\My Webs\myweb\DCP_1013a.jpg --> member.telpacific.com.au / DCP_1013a.jpg
2005.12.25 17:57 B D:\Jeroen's stuff2005\My Webs\myweb\DCP_1013a_small.jpg --> member.telpacific.com.au / DCP_1013a_small.jpg
2005.12.25 17:57 B D:\Jeroen's stuff2005\My Webs\myweb\DCP_4990.jpg --> member.telpacific.com.au / DCP_4990.jpg
2005.12.25 17:57 B D:\Jeroen's stuff2005\My Webs\myweb\DCP_4990_small.jpg --> member.telpacific.com.au / DCP_4990_small.jpg
2005.12.25 17:57 B D:\Jeroen's stuff2005\My Webs\myweb\DCP_9759.jpg --> member.telpacific.com.au / DCP_9759.jpg
2005.12.25 17:57 B D:\Jeroen's stuff2005\My Webs\myweb\DCP_9759_small.jpg --> member.telpacific.com.au / DCP_9759_small.jpg
2005.12.25 17:58 B D:\Jeroen's stuff2005\My Webs\myweb\DCP_9841.jpg --> member.telpacific.com.au / DCP_9841.jpg
2005.12.25 17:58 B D:\Jeroen's stuff2005\My Webs\myweb\DCP_9841_small.jpg --> member.telpacific.com.au / DCP_9841_small.jpg
2005.12.25 17:59 B D:\Jeroen's stuff2005\My Webs\myweb\IM000563.JPG --> member.telpacific.com.au / IM000563.JPG
2005.12.25 17:59 B D:\Jeroen's stuff2005\My Webs\myweb\IM000563_small.JPG --> member.telpacific.com.au / IM000563_small.JPG
2005.12.25 17:59 B D:\Jeroen's stuff2005\My Webs\myweb\IM000574.JPG --> member.telpacific.com.au / IM000574.JPG
2005.12.25 17:59 B D:\Jeroen's stuff2005\My Webs\myweb\IM000574_small.JPG --> member.telpacific.com.au / IM000574_small.JPG
2005.12.25 17:59 B D:\Jeroen's stuff2005\My Webs\myweb\IM000575.JPG --> member.telpacific.com.au / IM000575.JPG
2005.12.25 17:59 B D:\Jeroen's stuff2005\My Webs\myweb\IM000575_small.JPG --> member.telpacific.com.au / IM000575_small.JPG
2005.12.25 17:59 B D:\Jeroen's stuff2005\My Webs\myweb\Image(019).jpg --> member.telpacific.com.au / Image(019).jpg
2005.12.25 17:59 B D:\Jeroen's stuff2005\My Webs\myweb\Image(019)_small.jpg --> member.telpacific.com.au / Image(019)_small.jpg
2005.12.25 18:00 B D:\Jeroen's stuff2005\My Webs\myweb\IMG_1085_2.JPG --> member.telpacific.com.au / IMG_1085_2.JPG
2005.12.25 18:00 B D:\Jeroen's stuff2005\My Webs\myweb\IMG_1085_2_small.JPG --> member.telpacific.com.au / IMG_1085_2_small.JPG
2005.12.25 18:00 B D:\Jeroen's stuff2005\My Webs\myweb\IMG_9609.jpg --> member.telpacific.com.au / IMG_9609.jpg
2005.12.25 18:00 B D:\Jeroen's stuff2005\My Webs\myweb\IMG_9609_small.jpg --> member.telpacific.com.au / IMG_9609_small.jpg
2005.12.25 18:00 B D:\Jeroen's stuff2005\My Webs\myweb\IMGP0634.jpg --> member.telpacific.com.au / IMGP0634.jpg
2005.12.25 18:11 B D:\Jeroen's stuff2005\My Webs\myweb\index.htm --> member.telpacific.com.au / index.htm
2005.12.25 18:11 B D:\Jeroen's stuff2005\My Webs\myweb\interest.htm --> member.telpacific.com.au / interest.htm
2005.12.25 18:11 B D:\Jeroen's stuff2005\My Webs\myweb\Kerstbrief 2005.htm --> member.telpacific.com.au / Kerstbrief 2005.htm
2005.12.25 18:12 B D:\Jeroen's stuff2005\My Webs\myweb\photo.htm --> member.telpacific.com.au / photo.htm
2005.12.25 18:12 B D:\Jeroen's stuff2005\My Webs\myweb\Picture1.gif --> member.telpacific.com.au / Picture1.gif
2005.12.25 18:12 B D:\Jeroen's stuff2005\My Webs\myweb\The new family.jpg --> member.telpacific.com.au / The new family.jpg
2005.12.25 18:12 B D:\Jeroen's stuff2005\My Webs\myweb\The new family_small.jpg --> member.telpacific.com.au / The new family_small.jpg
2005.12.26 10:19 B D:\Jeroen's stuff2005\My Webs\myweb\index.htm --> member.telpacific.com.au / index.htm
2005.12.26 11:31 B D:\Jeroen's stuff2005\My Webs\myweb\index.htm --> member.telpacific.com.au / index.htm
2005.12.26 11:31 B D:\Jeroen's stuff2005\My Webs\myweb\interest.htm --> member.telpacific.com.au / interest.htm
2005.12.26 11:31 B D:\Jeroen's stuff2005\My Webs\myweb\aboutmeDU.htm --> member.telpacific.com.au / aboutmeDU.htm
2005.12.26 11:33 B D:\Jeroen's stuff2005\My Webs\myweb\aboutmeDU.htm --> member.telpacific.com.au / aboutmeDU.htm
2005.12.26 11:33 B D:\Jeroen's stuff2005\My Webs\myweb\index.htm --> member.telpacific.com.au / index.htm
2005.12.26 11:33 B D:\Jeroen's stuff2005\My Webs\myweb\interest.htm --> member.telpacific.com.au / interest.htm
2005.12.26 11:35 B D:\Jeroen's stuff2005\My Webs\myweb\Kerstbrief 2005.htm <-- Decates / Kerstbrief 2005.htm
2007.04.09 20:34 B D:\Jeroen's stuff2007\Workdocuments2007\JDPSY2\aboutJ1.jpg --> www.jdpsy.org /var/www/html aboutJ1.jpg
2007.04.09 20:34 B D:\Jeroen's stuff2007\Workdocuments2007\JDPSY2\aboutJD.htm --> www.jdpsy.org /var/www/html aboutJD.htm
2007.04.09 20:34 B D:\Jeroen's stuff2007\Workdocuments2007\JDPSY2\aboutJD.html --> www.jdpsy.org /var/www/html aboutJD.html
2007.04.09 20:34 B D:\Jeroen's stuff2007\Workdocuments2007\JDPSY2\aboutJD5.htm --> www.jdpsy.org /var/www/html aboutJD5.htm
2007.04.09 20:34 B D:\Jeroen's stuff2007\Workdocuments2007\JDPSY2\ASNT.h2.gif --> www.jdpsy.org /var/www/html ASNT.h2.gif
2007.04.09 20:34 B D:\Jeroen's stuff2007\Workdocuments2007\JDPSY2\ASNT.htm --> www.jdpsy.org /var/www/html ASNT.htm
2007.04.09 20:34 B D:\Jeroen's stuff2007\Workdocuments2007\JDPSY2\ASNT.html --> www.jdpsy.org /var/www/html ASNT.html
2007.04.09 20:35 B D:\Jeroen's stuff2007\Workdocuments2007\JDPSY2\ASNT2.html --> www.jdpsy.org /var/www/html ASNT2.html
2007.04.09 20:35 B D:\Jeroen's stuff2007\Workdocuments2007\JDPSY2\AspergerNeurotypicalLand.pps --> www.jdpsy.org /var/www/html AspergerNeurotypicalLand.pps
2007.04.09 20:35 B D:\Jeroen's stuff2007\Workdocuments2007\JDPSY2\ASPIA.jpg --> www.jdpsy.org /var/www/html ASPIA.jpg
2007.04.09 20:35 B D:\Jeroen's stuff2007\Workdocuments2007\JDPSY2\Bessen.pps --> www.jdpsy.org /var/www/html Bessen.pps
2007.04.09 20:35 B D:\Jeroen's stuff2007\Workdocuments2007\JDPSY2\complete_guide.jpg --> www.jdpsy.org /var/www/html complete_guide.jpg
2007.04.09 20:35 B D:\Jeroen's stuff2007\Workdocuments2007\JDPSY2\Details.htm --> www.jdpsy.org /var/www/html Details.htm
2007.04.09 20:35 B D:\Jeroen's stuff2007\Workdocuments2007\JDPSY2\Details.html --> www.jdpsy.org /var/www/html Details.html
2007.04.09 20:35 B D:\Jeroen's stuff2007\Workdocuments2007\JDPSY2\Details2.html --> www.jdpsy.org /var/www/html Details2.html
2007.04.09 20:35 B D:\Jeroen's stuff2007\Workdocuments2007\JDPSY2\Details3.html --> www.jdpsy.org /var/www/html Details3.html
2007.04.09 20:35 B D:\Jeroen's stuff2007\Workdocuments2007\JDPSY2\DLP.pdf --> www.jdpsy.org /var/www/html DLP.pdf
2007.04.09 20:35 B D:\Jeroen's stuff2007\Workdocuments2007\JDPSY2\GoogleMaps.jpg --> www.jdpsy.org /var/www/html GoogleMaps.jpg
2007.04.09 20:35 B D:\Jeroen's stuff2007\Workdocuments2007\JDPSY2\image002.gif --> www.jdpsy.org /var/www/html image002.gif
2007.04.09 20:35 B D:\Jeroen's stuff2007\Workdocuments2007\JDPSY2\Index.html --> www.jdpsy.org /var/www/html Index.html
2007.04.09 20:35 B D:\Jeroen's stuff2007\Workdocuments2007\JDPSY2\Index_clip_image001.gif --> www.jdpsy.org /var/www/html Index_clip_image001.gif
2007.04.09 20:35 B D:\Jeroen's stuff2007\Workdocuments2007\JDPSY2\Index_clip_image002.jpg --> www.jdpsy.org /var/www/html Index_clip_image002.jpg
2007.04.09 20:35 B D:\Jeroen's stuff2007\Workdocuments2007\JDPSY2\Index_clip_image002_0000.jpg --> www.jdpsy.org /var/www/html Index_clip_image002_0000.jpg
2007.04.09 20:35 B D:\Jeroen's stuff2007\Workdocuments2007\JDPSY2\Index_clip_image003.jpg --> www.jdpsy.org /var/www/html Index_clip_image003.jpg
2007.04.09 20:35 B D:\Jeroen's stuff2007\Workdocuments2007\JDPSY2\JDPSY0105small.jpg --> www.jdpsy.org /var/www/html JDPSY0105small.jpg
2007.04.09 20:35 B D:\Jeroen's stuff2007\Workdocuments2007\JDPSY2\JDPSYClientRegistrationForm0407.pdf --> www.jdpsy.org /var/www/html JDPSYClientRegistrationForm0407.pdf
2007.04.09 20:35 B D:\Jeroen's stuff2007\Workdocuments2007\JDPSY2\JeroenDecates.html --> www.jdpsy.org /var/www/html JeroenDecates.html
2007.04.09 20:35 B D:\Jeroen's stuff2007\Workdocuments2007\JDPSY2\JeroenDecates2.html --> www.jdpsy.org /var/www/html JeroenDecates2.html
2007.04.09 20:35 B D:\Jeroen's stuff2007\Workdocuments2007\JDPSY2\JeroenDecates_aboutJ1.jpg --> www.jdpsy.org /var/www/html JeroenDecates_aboutJ1.jpg
2007.04.09 20:35 B D:\Jeroen's stuff2007\Workdocuments2007\JDPSY2\JeroenDecates_JeroenSmall.jpg --> www.jdpsy.org /var/www/html JeroenDecates_JeroenSmall.jpg
2007.04.09 20:35 B D:\Jeroen's stuff2007\Workdocuments2007\JDPSY2\JeroenSmall.jpg --> www.jdpsy.org /var/www/html JeroenSmall.jpg
2007.04.09 20:35 B D:\Jeroen's stuff2007\Workdocuments2007\JDPSY2\karen_williams_guidelines.html --> www.jdpsy.org /var/www/html karen_williams_guidelines.html
2007.04.09 20:36 B D:\Jeroen's stuff2007\Workdocuments2007\JDPSY2\Lavender.jpg --> www.jdpsy.org /var/www/html Lavender.jpg
2007.04.09 20:36 B D:\Jeroen's stuff2007\Workdocuments2007\JDPSY2\Lilly.jpg --> www.jdpsy.org /var/www/html Lilly.jpg
2007.04.09 20:36 B D:\Jeroen's stuff2007\Workdocuments2007\JDPSY2\Lilly2.JPG --> www.jdpsy.org /var/www/html Lilly2.JPG
2007.04.09 20:36 B D:\Jeroen's stuff2007\Workdocuments2007\JDPSY2\Links.1.jpg --> www.jdpsy.org /var/www/html Links.1.jpg
2007.04.09 20:36 B D:\Jeroen's stuff2007\Workdocuments2007\JDPSY2\Lorikeet.jpg --> www.jdpsy.org /var/www/html Lorikeet.jpg
2007.04.09 20:36 B D:\Jeroen's stuff2007\Workdocuments2007\JDPSY2\mm_arrow.gif --> www.jdpsy.org /var/www/html mm_arrow.gif
2007.04.09 20:36 B D:\Jeroen's stuff2007\Workdocuments2007\JDPSY2\mm_spacer.gif --> www.jdpsy.org /var/www/html mm_spacer.gif
2007.04.09 20:36 B D:\Jeroen's stuff2007\Workdocuments2007\JDPSY2\mm_travel2.css --> www.jdpsy.org /var/www/html mm_travel2.css
2007.04.09 20:36 B D:\Jeroen's stuff2007\Workdocuments2007\JDPSY2\P1030160_resize.JPG --> www.jdpsy.org /var/www/html P1030160_resize.JPG
2007.04.09 20:36 B D:\Jeroen's stuff2007\Workdocuments2007\JDPSY2\parenting_high_maintenance_child.htm --> www.jdpsy.org /var/www/html parenting_high_maintenance_child.htm
2007.04.09 20:36 B D:\Jeroen's stuff2007\Workdocuments2007\JDPSY2\Services.html --> www.jdpsy.org /var/www/html Services.html
2007.04.09 20:36 B D:\Jeroen's stuff2007\Workdocuments2007\JDPSY2\Services2.html --> www.jdpsy.org /var/www/html Services2.html
2007.04.09 20:36 B D:\Jeroen's stuff2007\Workdocuments2007\JDPSY2\Services3.html --> www.jdpsy.org /var/www/html Services3.html
2007.04.09 20:36 B D:\Jeroen's stuff2007\Workdocuments2007\JDPSY2\SMH.gif --> www.jdpsy.org /var/www/html SMH.gif
2007.04.09 20:36 B D:\Jeroen's stuff2007\Workdocuments2007\JDPSY2\SouthBeach.JPG --> www.jdpsy.org /var/www/html SouthBeach.JPG
2007.04.09 20:36 B D:\Jeroen's stuff2007\Workdocuments2007\JDPSY2\SouthBeach_resize.JPG --> www.jdpsy.org /var/www/html SouthBeach_resize.JPG
2007.04.09 20:36 B D:\Jeroen's stuff2007\Workdocuments2007\JDPSY2\Syndrome for success.html --> www.jdpsy.org /var/www/html Syndrome for success.html
2007.04.09 20:36 B D:\Jeroen's stuff2007\Workdocuments2007\JDPSY2\Thumbs.db --> www.jdpsy.org /var/www/html Thumbs.db
2007.04.09 20:36 B D:\Jeroen's stuff2007\Workdocuments2007\JDPSY2\Tulip.jpg --> www.jdpsy.org /var/www/html Tulip.jpg
2007.04.09 20:36 B D:\Jeroen's stuff2007\Workdocuments2007\JDPSY2\Tulip2.jpg --> www.jdpsy.org /var/www/html Tulip2.jpg
2007.04.09 20:36 B D:\Jeroen's stuff2007\Workdocuments2007\JDPSY2\Wikipedia.jpg --> www.jdpsy.org /var/www/html Wikipedia.jpg
2007.04.09 20:36 B D:\Jeroen's stuff2007\Workdocuments2007\JDPSY2\ws_ftp.log --> www.jdpsy.org /var/www/html ws_ftp.log
2007.04.09 22:29 B D:\JDPSYDOC2007\JDPSY2\aboutJ1.jpg --> www.jdpsy.org /home/jdpsy/JDPSY2 aboutJ1.jpg
2007.04.09 22:29 B D:\JDPSYDOC2007\JDPSY2\ASNT.h2.gif --> www.jdpsy.org /home/jdpsy/JDPSY2 ASNT.h2.gif
2007.04.09 22:29 B D:\JDPSYDOC2007\JDPSY2\ASNT.html --> www.jdpsy.org /home/jdpsy/JDPSY2 ASNT.html
2007.04.09 22:29 B D:\JDPSYDOC2007\JDPSY2\AspergerNeurotypicalLand.pps --> www.jdpsy.org /home/jdpsy/JDPSY2 AspergerNeurotypicalLand.pps
2007.04.09 22:29 B D:\JDPSYDOC2007\JDPSY2\ASPIA.jpg --> www.jdpsy.org /home/jdpsy/JDPSY2 ASPIA.jpg
2007.04.09 22:29 B D:\JDPSYDOC2007\JDPSY2\Bessen.pps --> www.jdpsy.org /home/jdpsy/JDPSY2 Bessen.pps
2007.04.09 22:29 B D:\JDPSYDOC2007\JDPSY2\complete_guide.jpg --> www.jdpsy.org /home/jdpsy/JDPSY2 complete_guide.jpg
2007.04.09 22:29 B D:\JDPSYDOC2007\JDPSY2\Details.html --> www.jdpsy.org /home/jdpsy/JDPSY2 Details.html
2007.04.09 22:29 B D:\JDPSYDOC2007\JDPSY2\DLP.pdf --> www.jdpsy.org /home/jdpsy/JDPSY2 DLP.pdf
2007.04.09 22:29 B D:\JDPSYDOC2007\JDPSY2\GoogleMaps.jpg --> www.jdpsy.org /home/jdpsy/JDPSY2 GoogleMaps.jpg
2007.04.09 22:29 B D:\JDPSYDOC2007\JDPSY2\image002.gif --> www.jdpsy.org /home/jdpsy/JDPSY2 image002.gif
2007.04.09 22:29 B D:\JDPSYDOC2007\JDPSY2\Index.html --> www.jdpsy.org /home/jdpsy/JDPSY2 Index.html
2007.04.09 22:29 B D:\JDPSYDOC2007\JDPSY2\Index_clip_image001.gif --> www.jdpsy.org /home/jdpsy/JDPSY2 Index_clip_image001.gif
2007.04.09 22:29 B D:\JDPSYDOC2007\JDPSY2\Index_clip_image002.jpg --> www.jdpsy.org /home/jdpsy/JDPSY2 Index_clip_image002.jpg
2007.04.09 22:29 B D:\JDPSYDOC2007\JDPSY2\Index_clip_image002_0000.jpg --> www.jdpsy.org /home/jdpsy/JDPSY2 Index_clip_image002_0000.jpg
2007.04.09 22:29 B D:\JDPSYDOC2007\JDPSY2\Index_clip_image003.jpg --> www.jdpsy.org /home/jdpsy/JDPSY2 Index_clip_image003.jpg
2007.04.09 22:29 B D:\JDPSYDOC2007\JDPSY2\JDPSY0105small.jpg --> www.jdpsy.org /home/jdpsy/JDPSY2 JDPSY0105small.jpg
2007.04.09 22:29 B D:\JDPSYDOC2007\JDPSY2\JDPSYClientRegistrationForm0407.pdf --> www.jdpsy.org /home/jdpsy/JDPSY2 JDPSYClientRegistrationForm0407.pdf
2007.04.09 22:29 B D:\JDPSYDOC2007\JDPSY2\JeroenDecates.html --> www.jdpsy.org /home/jdpsy/JDPSY2 JeroenDecates.html
2007.04.09 22:29 B D:\JDPSYDOC2007\JDPSY2\JeroenDecates_aboutJ1.jpg --> www.jdpsy.org /home/jdpsy/JDPSY2 JeroenDecates_aboutJ1.jpg
2007.04.09 22:29 B D:\JDPSYDOC2007\JDPSY2\JeroenDecates_JeroenSmall.jpg --> www.jdpsy.org /home/jdpsy/JDPSY2 JeroenDecates_JeroenSmall.jpg
2007.04.09 22:29 B D:\JDPSYDOC2007\JDPSY2\JeroenSmall.jpg --> www.jdpsy.org /home/jdpsy/JDPSY2 JeroenSmall.jpg
2007.04.09 22:29 B D:\JDPSYDOC2007\JDPSY2\karen_williams_guidelines.html --> www.jdpsy.org /home/jdpsy/JDPSY2 karen_williams_guidelines.html
2007.04.09 22:30 B D:\JDPSYDOC2007\JDPSY2\Lavender.jpg --> www.jdpsy.org /home/jdpsy/JDPSY2 Lavender.jpg
2007.04.09 22:30 B D:\JDPSYDOC2007\JDPSY2\Lilly.jpg --> www.jdpsy.org /home/jdpsy/JDPSY2 Lilly.jpg
2007.04.09 22:30 B D:\JDPSYDOC2007\JDPSY2\Lilly2.JPG --> www.jdpsy.org /home/jdpsy/JDPSY2 Lilly2.JPG
2007.04.09 22:30 B D:\JDPSYDOC2007\JDPSY2\Links.1.jpg --> www.jdpsy.org /home/jdpsy/JDPSY2 Links.1.jpg
2007.04.09 22:30 B D:\JDPSYDOC2007\JDPSY2\Lorikeet.jpg --> www.jdpsy.org /home/jdpsy/JDPSY2 Lorikeet.jpg
2007.04.09 22:30 B D:\JDPSYDOC2007\JDPSY2\mm_arrow.gif --> www.jdpsy.org /home/jdpsy/JDPSY2 mm_arrow.gif
2007.04.09 22:30 B D:\JDPSYDOC2007\JDPSY2\mm_spacer.gif --> www.jdpsy.org /home/jdpsy/JDPSY2 mm_spacer.gif
2007.04.09 22:30 B D:\JDPSYDOC2007\JDPSY2\mm_travel2.css --> www.jdpsy.org /home/jdpsy/JDPSY2 mm_travel2.css
2007.04.09 22:30 B D:\JDPSYDOC2007\JDPSY2\P1030160_resize.JPG --> www.jdpsy.org /home/jdpsy/JDPSY2 P1030160_resize.JPG
2007.04.09 22:30 B D:\JDPSYDOC2007\JDPSY2\parenting_high_maintenance_child.htm --> www.jdpsy.org /home/jdpsy/JDPSY2 parenting_high_maintenance_child.htm
2007.04.09 22:30 B D:\JDPSYDOC2007\JDPSY2\Services.html --> www.jdpsy.org /home/jdpsy/JDPSY2 Services.html
2007.04.09 22:30 B D:\JDPSYDOC2007\JDPSY2\SMH.gif --> www.jdpsy.org /home/jdpsy/JDPSY2 SMH.gif
2007.04.09 22:30 B D:\JDPSYDOC2007\JDPSY2\SouthBeach.JPG --> www.jdpsy.org /home/jdpsy/JDPSY2 SouthBeach.JPG
2007.04.09 22:30 B D:\JDPSYDOC2007\JDPSY2\SouthBeach_resize.JPG --> www.jdpsy.org /home/jdpsy/JDPSY2 SouthBeach_resize.JPG
2007.04.09 22:30 B D:\JDPSYDOC2007\JDPSY2\Syndrome for success.html --> www.jdpsy.org /home/jdpsy/JDPSY2 Syndrome for success.html
2007.04.09 22:30 B D:\JDPSYDOC2007\JDPSY2\Thumbs.db --> www.jdpsy.org /home/jdpsy/JDPSY2 Thumbs.db
2007.04.09 22:30 B D:\JDPSYDOC2007\JDPSY2\Tulip.jpg --> www.jdpsy.org /home/jdpsy/JDPSY2 Tulip.jpg
2007.04.09 22:30 B D:\JDPSYDOC2007\JDPSY2\Tulip2.jpg --> www.jdpsy.org /home/jdpsy/JDPSY2 Tulip2.jpg
2007.04.09 22:30 B D:\JDPSYDOC2007\JDPSY2\Wikipedia.jpg --> www.jdpsy.org /home/jdpsy/JDPSY2 Wikipedia.jpg
2007.04.09 22:30 B D:\JDPSYDOC2007\JDPSY2\ws_ftp.log --> www.jdpsy.org /home/jdpsy/JDPSY2 ws_ftp.log
2007.04.09 22:39 B D:\JDPSYDOC2007\JDPSY2\aboutJ1.jpg --> www.jdpsy.org /home/jdpsy aboutJ1.jpg
2007.04.09 22:39 B D:\JDPSYDOC2007\JDPSY2\ASNT.h2.gif --> www.jdpsy.org /home/jdpsy ASNT.h2.gif
2007.04.09 22:39 B D:\JDPSYDOC2007\JDPSY2\ASNT.html --> www.jdpsy.org /home/jdpsy ASNT.html
2007.04.09 22:40 B D:\JDPSYDOC2007\JDPSY2\AspergerNeurotypicalLand.pps --> www.jdpsy.org /home/jdpsy AspergerNeurotypicalLand.pps
2007.04.09 22:40 B D:\JDPSYDOC2007\JDPSY2\ASPIA.jpg --> www.jdpsy.org /home/jdpsy ASPIA.jpg
2007.04.09 22:40 B D:\JDPSYDOC2007\JDPSY2\Bessen.pps --> www.jdpsy.org /home/jdpsy Bessen.pps
2007.04.09 22:40 B D:\JDPSYDOC2007\JDPSY2\complete_guide.jpg --> www.jdpsy.org /home/jdpsy complete_guide.jpg
2007.04.09 22:40 B D:\JDPSYDOC2007\JDPSY2\Details.html --> www.jdpsy.org /home/jdpsy Details.html
2007.04.09 22:40 B D:\JDPSYDOC2007\JDPSY2\DLP.pdf --> www.jdpsy.org /home/jdpsy DLP.pdf
2007.04.09 22:40 B D:\JDPSYDOC2007\JDPSY2\GoogleMaps.jpg --> www.jdpsy.org /home/jdpsy GoogleMaps.jpg
2007.04.09 22:40 B D:\JDPSYDOC2007\JDPSY2\image002.gif --> www.jdpsy.org /home/jdpsy image002.gif
2007.04.09 22:40 B D:\JDPSYDOC2007\JDPSY2\Index.html --> www.jdpsy.org /home/jdpsy Index.html
2007.04.09 22:40 B D:\JDPSYDOC2007\JDPSY2\Index_clip_image001.gif --> www.jdpsy.org /home/jdpsy Index_clip_image001.gif
2007.04.09 22:40 B D:\JDPSYDOC2007\JDPSY2\Index_clip_image002.jpg --> www.jdpsy.org /home/jdpsy Index_clip_image002.jpg
2007.04.09 22:40 B D:\JDPSYDOC2007\JDPSY2\Index_clip_image002_0000.jpg --> www.jdpsy.org /home/jdpsy Index_clip_image002_0000.jpg
2007.04.09 22:40 B D:\JDPSYDOC2007\JDPSY2\Index_clip_image003.jpg --> www.jdpsy.org /home/jdpsy Index_clip_image003.jpg
2007.04.09 22:40 B D:\JDPSYDOC2007\JDPSY2\JDPSY0105small.jpg --> www.jdpsy.org /home/jdpsy JDPSY0105small.jpg
2007.04.09 22:40 B D:\JDPSYDOC2007\JDPSY2\JDPSYClientRegistrationForm0407.pdf --> www.jdpsy.org /home/jdpsy JDPSYClientRegistrationForm0407.pdf
2007.04.09 22:40 B D:\JDPSYDOC2007\JDPSY2\JeroenDecates.html --> www.jdpsy.org /home/jdpsy JeroenDecates.html
2007.04.09 22:40 B D:\JDPSYDOC2007\JDPSY2\JeroenDecates_aboutJ1.jpg --> www.jdpsy.org /home/jdpsy JeroenDecates_aboutJ1.jpg
2007.04.09 22:40 B D:\JDPSYDOC2007\JDPSY2\JeroenDecates_JeroenSmall.jpg --> www.jdpsy.org /home/jdpsy JeroenDecates_JeroenSmall.jpg
2007.04.09 22:40 B D:\JDPSYDOC2007\JDPSY2\JeroenSmall.jpg --> www.jdpsy.org /home/jdpsy JeroenSmall.jpg
2007.04.09 22:40 B D:\JDPSYDOC2007\JDPSY2\karen_williams_guidelines.html --> www.jdpsy.org /home/jdpsy karen_williams_guidelines.html
2007.04.09 22:41 B D:\JDPSYDOC2007\JDPSY2\Lavender.jpg --> www.jdpsy.org /home/jdpsy Lavender.jpg
2007.04.09 22:41 B D:\JDPSYDOC2007\JDPSY2\Lilly.jpg --> www.jdpsy.org /home/jdpsy Lilly.jpg
2007.04.09 22:41 B D:\JDPSYDOC2007\JDPSY2\Lilly2.JPG --> www.jdpsy.org /home/jdpsy Lilly2.JPG
2007.04.09 22:41 B D:\JDPSYDOC2007\JDPSY2\Links.1.jpg --> www.jdpsy.org /home/jdpsy Links.1.jpg
2007.04.09 22:41 B D:\JDPSYDOC2007\JDPSY2\Lorikeet.jpg --> www.jdpsy.org /home/jdpsy Lorikeet.jpg
2007.04.09 22:41 B D:\JDPSYDOC2007\JDPSY2\mm_arrow.gif --> www.jdpsy.org /home/jdpsy mm_arrow.gif
2007.04.09 22:41 B D:\JDPSYDOC2007\JDPSY2\mm_spacer.gif --> www.jdpsy.org /home/jdpsy mm_spacer.gif
2007.04.09 22:41 B D:\JDPSYDOC2007\JDPSY2\mm_travel2.css --> www.jdpsy.org /home/jdpsy mm_travel2.css
2007.04.09 22:41 B D:\JDPSYDOC2007\JDPSY2\P1030160_resize.JPG --> www.jdpsy.org /home/jdpsy P1030160_resize.JPG
2007.04.09 22:41 B D:\JDPSYDOC2007\JDPSY2\parenting_high_maintenance_child.htm --> www.jdpsy.org /home/jdpsy parenting_high_maintenance_child.htm
2007.04.09 22:41 B D:\JDPSYDOC2007\JDPSY2\Services.html --> www.jdpsy.org /home/jdpsy Services.html
2007.04.09 22:41 B D:\JDPSYDOC2007\JDPSY2\SMH.gif --> www.jdpsy.org /home/jdpsy SMH.gif
2007.04.09 22:41 B D:\JDPSYDOC2007\JDPSY2\SouthBeach.JPG --> www.jdpsy.org /home/jdpsy SouthBeach.JPG
2007.04.09 22:41 B D:\JDPSYDOC2007\JDPSY2\SouthBeach_resize.JPG --> www.jdpsy.org /home/jdpsy SouthBeach_resize.JPG
2007.04.09 22:41 B D:\JDPSYDOC2007\JDPSY2\Syndrome for success.html --> www.jdpsy.org /home/jdpsy Syndrome for success.html
2007.04.09 22:41 B D:\JDPSYDOC2007\JDPSY2\Thumbs.db --> www.jdpsy.org /home/jdpsy Thumbs.db
2007.04.09 22:41 B D:\JDPSYDOC2007\JDPSY2\Tulip.jpg --> www.jdpsy.org /home/jdpsy Tulip.jpg
2007.04.09 22:41 B D:\JDPSYDOC2007\JDPSY2\Tulip2.jpg --> www.jdpsy.org /home/jdpsy Tulip2.jpg
2007.04.09 22:41 B D:\JDPSYDOC2007\JDPSY2\Wikipedia.jpg --> www.jdpsy.org /home/jdpsy Wikipedia.jpg
2007.04.09 22:41 B D:\JDPSYDOC2007\JDPSY2\ws_ftp.log --> www.jdpsy.org /home/jdpsy ws_ftp.log
2007.04.10 06:58 B D:\Jeroen's stuff2007\Workdocuments2007\JDPSY2\JeroenDecates.html <-- JDPSY0407 /home/jdpsy JeroenDecates.html
2007.04.10 21:11 B D:\Jeroen's stuff2007\Workdocuments2007\JDPSY2\ASNT.html --> www.jdpsy.org /home/jdpsy ASNT.html
2007.04.10 21:11 B D:\Jeroen's stuff2007\Workdocuments2007\JDPSY2\Details.html --> www.jdpsy.org /home/jdpsy Details.html
2007.04.10 21:11 B D:\Jeroen's stuff2007\Workdocuments2007\JDPSY2\Index.html --> www.jdpsy.org /home/jdpsy Index.html
2007.04.10 21:11 B D:\Jeroen's stuff2007\Workdocuments2007\JDPSY2\Services.html --> www.jdpsy.org /home/jdpsy Services.html
2007.04.10 21:14 B D:\Jeroen's stuff2007\Workdocuments2007\JDPSY2\ASNT.html --> www.jdpsy.org /var/www/html ASNT.html
2007.04.10 21:14 B D:\Jeroen's stuff2007\Workdocuments2007\JDPSY2\Details.html --> www.jdpsy.org /var/www/html Details.html
2007.04.10 21:14 B D:\Jeroen's stuff2007\Workdocuments2007\JDPSY2\Index.html --> www.jdpsy.org /var/www/html Index.html
2007.04.10 21:14 B D:\Jeroen's stuff2007\Workdocuments2007\JDPSY2\Services.html --> www.jdpsy.org /var/www/html Services.html
2007.04.10 22:02 B D:\Jeroen's stuff2007\Workdocuments2007\JDPSY2\JeroenDecates.html --> www.jdpsy.org /home/jdpsy JeroenDecates.html
2007.04.10 22:02 B D:\Jeroen's stuff2007\Workdocuments2007\JDPSY2\Details.html --> www.jdpsy.org /home/jdpsy Details.html
2007.04.10 22:02 B D:\Jeroen's stuff2007\Workdocuments2007\JDPSY2\ASNT.html --> www.jdpsy.org /home/jdpsy ASNT.html
2007.04.10 22:02 B D:\Jeroen's stuff2007\Workdocuments2007\JDPSY2\Services.html --> www.jdpsy.org /home/jdpsy Services.html
2007.04.10 22:02 B D:\Jeroen's stuff2007\Workdocuments2007\JDPSY2\Lavender.jpg --> www.jdpsy.org /home/jdpsy Lavender.jpg
2007.04.10 22:02 B D:\Jeroen's stuff2007\Workdocuments2007\JDPSY2\Botlebrush.jpg --> www.jdpsy.org /home/jdpsy Botlebrush.jpg
2007.04.10 22:02 B D:\Jeroen's stuff2007\Workdocuments2007\JDPSY2\Lilly3.jpg --> www.jdpsy.org /home/jdpsy Lilly3.jpg
2007.04.10 22:02 B D:\Jeroen's stuff2007\Workdocuments2007\JDPSY2\Lorikeet.jpg --> www.jdpsy.org /home/jdpsy Lorikeet.jpg
2007.04.10 22:02 B D:\Jeroen's stuff2007\Workdocuments2007\JDPSY2\Tulip3.jpg --> www.jdpsy.org /home/jdpsy Tulip3.jpg
2007.04.10 22:03 B D:\Jeroen's stuff2007\Workdocuments2007\JDPSY2\JeroenDecates.html --> www.jdpsy.org /var/www/html JeroenDecates.html
2007.04.10 22:03 B D:\Jeroen's stuff2007\Workdocuments2007\JDPSY2\Details.html --> www.jdpsy.org /var/www/html Details.html
2007.04.10 22:03 B D:\Jeroen's stuff2007\Workdocuments2007\JDPSY2\ASNT.html --> www.jdpsy.org /var/www/html ASNT.html
2007.04.10 22:03 B D:\Jeroen's stuff2007\Workdocuments2007\JDPSY2\Services.html --> www.jdpsy.org /var/www/html Services.html
2007.04.10 22:03 B D:\Jeroen's stuff2007\Workdocuments2007\JDPSY2\Lavender.jpg --> www.jdpsy.org /var/www/html Lavender.jpg
2007.04.10 22:03 B D:\Jeroen's stuff2007\Workdocuments2007\JDPSY2\Botlebrush.jpg --> www.jdpsy.org /var/www/html Botlebrush.jpg
2007.04.10 22:03 B D:\Jeroen's stuff2007\Workdocuments2007\JDPSY2\Lilly3.jpg --> www.jdpsy.org /var/www/html Lilly3.jpg
2007.04.10 22:03 B D:\Jeroen's stuff2007\Workdocuments2007\JDPSY2\Lorikeet.jpg --> www.jdpsy.org /var/www/html Lorikeet.jpg
2007.04.10 22:03 B D:\Jeroen's stuff2007\Workdocuments2007\JDPSY2\Tulip3.jpg --> www.jdpsy.org /var/www/html Tulip3.jpg
2007.04.13 21:00 B D:\Jeroen's stuff2007\Workdocuments2007\JDPSY2\ASNT.html --> www.jdpsy.org /home/jdpsy ASNT.html
2007.04.13 21:00 B D:\Jeroen's stuff2007\Workdocuments2007\JDPSY2\Details.html --> www.jdpsy.org /home/jdpsy Details.html
2007.04.13 21:00 B D:\Jeroen's stuff2007\Workdocuments2007\JDPSY2\Index.html --> www.jdpsy.org /home/jdpsy Index.html
2007.04.13 21:00 B D:\Jeroen's stuff2007\Workdocuments2007\JDPSY2\JeroenDecates.html --> www.jdpsy.org /home/jdpsy JeroenDecates.html
2007.04.13 21:00 B D:\Jeroen's stuff2007\Workdocuments2007\JDPSY2\Services.html --> www.jdpsy.org /home/jdpsy Services.html
2007.04.13 21:01 B D:\Jeroen's stuff2007\Workdocuments2007\JDPSY2\ASNT.html --> www.jdpsy.org /var/www/html ASNT.html
2007.04.13 21:01 B D:\Jeroen's stuff2007\Workdocuments2007\JDPSY2\Details.html --> www.jdpsy.org /var/www/html Details.html
2007.04.13 21:01 B D:\Jeroen's stuff2007\Workdocuments2007\JDPSY2\Index.html --> www.jdpsy.org /var/www/html Index.html
2007.04.13 21:01 B D:\Jeroen's stuff2007\Workdocuments2007\JDPSY2\JeroenDecates.html --> www.jdpsy.org /var/www/html JeroenDecates.html
2007.04.13 21:01 B D:\Jeroen's stuff2007\Workdocuments2007\JDPSY2\Services.html --> www.jdpsy.org /var/www/html Services.html
2007.04.14 07:45 B D:\Jeroen's stuff2007\Workdocuments2007\JDPSY2\Services.html --> www.jdpsy.org /var/www/html Services.html
2007.04.14 07:53 B D:\Jeroen's stuff2007\Workdocuments2007\JDPSY2\Details.html --> www.jdpsy.org /var/www/html Details.html
2007.04.14 08:00 B D:\Jeroen's stuff2007\Workdocuments2007\JDPSY2\ASNT.html --> www.jdpsy.org /var/www/html ASNT.html
2007.04.14 08:00 B D:\Jeroen's stuff2007\Workdocuments2007\JDPSY2\Details.html --> www.jdpsy.org /var/www/html Details.html
2007.04.14 08:00 B D:\Jeroen's stuff2007\Workdocuments2007\JDPSY2\Index.html --> www.jdpsy.org /var/www/html Index.html
2007.04.14 08:00 B D:\Jeroen's stuff2007\Workdocuments2007\JDPSY2\JeroenDecates.html --> www.jdpsy.org /var/www/html JeroenDecates.html
2007.04.14 08:00 B D:\Jeroen's stuff2007\Workdocuments2007\JDPSY2\Services.html --> www.jdpsy.org /var/www/html Services.html
2007.04.14 08:08 B D:\Jeroen's stuff2007\Workdocuments2007\JDPSY2\ASNT.html --> www.jdpsy.org /var/www/html ASNT.html
2007.04.14 08:08 B D:\Jeroen's stuff2007\Workdocuments2007\JDPSY2\Details.html --> www.jdpsy.org /var/www/html Details.html
2007.04.14 08:08 B D:\Jeroen's stuff2007\Workdocuments2007\JDPSY2\Index.html --> www.jdpsy.org /var/www/html Index.html
2007.04.14 08:08 B D:\Jeroen's stuff2007\Workdocuments2007\JDPSY2\JeroenDecates.html --> www.jdpsy.org /var/www/html JeroenDecates.html
2007.04.14 08:08 B D:\Jeroen's stuff2007\Workdocuments2007\JDPSY2\Services.html --> www.jdpsy.org /var/www/html Services.html
2007.04.14 18:11 B D:\Jeroen's stuff2007\Workdocuments2007\JDPSY2\Details.html --> www.jdpsy.org /var/www/html Details.html
2007.04.17 07:54 B D:\Jeroen's stuff2007\Workdocuments2007\JDPSY2\Details.html --> www.jdpsy.org /var/www/html Details.html
2007.07.29 08:52 B D:\JDPSYDOC2007\JDPSY2\Index.html --> www.jdpsy.org /var/www/html Index.html
2007.07.29 08:53 B D:\JDPSYDOC2007\JDPSY2\Services.html --> www.jdpsy.org /var/www/html Services.html
2007.07.29 08:53 B D:\JDPSYDOC2007\JDPSY2\Young People and IT0707Adobe.pdf --> www.jdpsy.org /var/www/html Young People and IT0707Adobe.pdf
2007.10.10 20:51 B D:\JDPSYDOC2007\JDPSY2\Details.html --> www.jdpsy.org /home/jdpsy Details.html
2007.10.10 20:51 B D:\JDPSYDOC2007\JDPSY2\Details.html --> www.jdpsy.org /var/www/html Details.html
2007.10.10 20:52 B D:\JDPSYDOC2007\JDPSY2\Registration.pdf --> www.jdpsy.org /var/www/html Registration.pdf
2008.01.12 11:04 B D:\Jeroen's stuff2007\Workdocuments2007\JDPSY2\Details.html --> www.jdpsy.org /var/www/html Details.html
2008.01.29 05:26 B D:\Jeroen's stuff2007\Workdocuments2007\JDPSY2\Services.html --> www.jdpsy.org /var/www/html Services.html
2008.01.29 05:27 B D:\Jeroen's stuff2007\Workdocuments2007\JDPSY2\WoW Addiction.pdf --> www.jdpsy.org /var/www/html WoW Addiction.pdf
2008.01.29 05:38 B D:\Jeroen's stuff2007\Workdocuments2007\JDPSY2\WoW Addiction.pdf --> www.jdpsy.org /var/www/html WoW Addiction.pdf
2008.01.29 05:40 B D:\Jeroen's stuff2007\Workdocuments2007\JDPSY2\WoW Addiction.pdf --> www.jdpsy.org /var/www/html WoW Addiction.pdf
2008.01.29 05:42 B D:\Jeroen's stuff2007\Workdocuments2007\JDPSY2\WoW Addiction.pdf --> www.jdpsy.org /var/www/html WoW Addiction.pdf
2008.01.29 05:45 B D:\Jeroen's stuff2007\Workdocuments2007\JDPSY2\Index.html --> www.jdpsy.org /var/www/html Index.html
2008.01.29 05:55 B D:\Jeroen's stuff2007\Workdocuments2007\JDPSY2\Index.html --> www.jdpsy.org /var/www/html Index.html
2008.01.29 05:56 B D:\Jeroen's stuff2007\Workdocuments2007\JDPSY2\Medicare_Fact_Sheet2.pdf --> www.jdpsy.org /var/www/html Medicare_Fact_Sheet2.pdf
2008.02.02 17:16 B D:\Jeroen's stuff2007\Workdocuments2007\JDPSY2\JeroenDecates.html --> www.jdpsy.org /var/www/html JeroenDecates.html
2008.02.02 17:16 B D:\Jeroen's stuff2007\Workdocuments2007\JDPSY2\webJD2_resize.jpg --> www.jdpsy.org /var/www/html webJD2_resize.jpg
2008.02.02 17:18 B D:\Jeroen's stuff2007\Workdocuments2007\JDPSY2\JeroenDecates.html --> www.jdpsy.org /var/www/html JeroenDecates.html
2008.02.02 17:27 B D:\Jeroen's stuff2007\Workdocuments2007\JDPSY2\ASNT.html --> www.jdpsy.org /var/www/html ASNT.html
