2007.04.09 20:34 B D:\Jeroen's stuff2007\Workdocuments2007\JDPSY2\Syndrome for success_files\adSwap.js --> www.jdpsy.org /var/www/html/Syndrome for success_files adSwap.js
2007.04.09 20:34 B D:\Jeroen's stuff2007\Workdocuments2007\JDPSY2\Syndrome for success_files\adtypedoubleislandisiframeyesdomainsmh.htm --> www.jdpsy.org /var/www/html/Syndrome for success_files adtypedoubleislandisiframeyesdomainsmh.htm
2007.04.09 20:34 B D:\Jeroen's stuff2007\Workdocuments2007\JDPSY2\Syndrome for success_files\adtypepanoramaisiframeyesdomainsmh.htm --> www.jdpsy.org /var/www/html/Syndrome for success_files adtypepanoramaisiframeyesdomainsmh.htm
2007.04.09 20:34 B D:\Jeroen's stuff2007\Workdocuments2007\JDPSY2\Syndrome for success_files\behave.js --> www.jdpsy.org /var/www/html/Syndrome for success_files behave.js
2007.04.09 20:34 B D:\Jeroen's stuff2007\Workdocuments2007\JDPSY2\Syndrome for success_files\c1.js --> www.jdpsy.org /var/www/html/Syndrome for success_files c1.js
2007.04.09 20:34 B D:\Jeroen's stuff2007\Workdocuments2007\JDPSY2\Syndrome for success_files\clear.gif --> www.jdpsy.org /var/www/html/Syndrome for success_files clear.gif
2007.04.09 20:34 B D:\Jeroen's stuff2007\Workdocuments2007\JDPSY2\Syndrome for success_files\ctypeindexcatrossiteageadspacetextadloc1isiframeyesdomainsmh.htm --> www.jdpsy.org /var/www/html/Syndrome for success_files ctypeindexcatrossiteageadspacetextadloc1isiframeyesdomainsmh.htm
2007.04.09 20:34 B D:\Jeroen's stuff2007\Workdocuments2007\JDPSY2\Syndrome for success_files\ctypeindexcatrossiteageadspacetextadloc2isiframeyesdomainsmh.htm --> www.jdpsy.org /var/www/html/Syndrome for success_files ctypeindexcatrossiteageadspacetextadloc2isiframeyesdomainsmh.htm
2007.04.09 20:34 B D:\Jeroen's stuff2007\Workdocuments2007\JDPSY2\Syndrome for success_files\ctypeindexcatrossiteageadspacetextadloc3isiframeyesdomainsmh.htm --> www.jdpsy.org /var/www/html/Syndrome for success_files ctypeindexcatrossiteageadspacetextadloc3isiframeyesdomainsmh.htm
2007.04.09 20:34 B D:\Jeroen's stuff2007\Workdocuments2007\JDPSY2\Syndrome for success_files\deferAds.js --> www.jdpsy.org /var/www/html/Syndrome for success_files deferAds.js
2007.04.09 20:34 B D:\Jeroen's stuff2007\Workdocuments2007\JDPSY2\Syndrome for success_files\fairfax_digital.gif --> www.jdpsy.org /var/www/html/Syndrome for success_files fairfax_digital.gif
2007.04.09 20:34 B D:\Jeroen's stuff2007\Workdocuments2007\JDPSY2\Syndrome for success_files\ING_85x20.gif --> www.jdpsy.org /var/www/html/Syndrome for success_files ING_85x20.gif
2007.04.09 20:34 B D:\Jeroen's stuff2007\Workdocuments2007\JDPSY2\Syndrome for success_files\li_xml.gif --> www.jdpsy.org /var/www/html/Syndrome for success_files li_xml.gif
2007.04.09 20:34 B D:\Jeroen's stuff2007\Workdocuments2007\JDPSY2\Syndrome for success_files\masthead_logo_small.gif --> www.jdpsy.org /var/www/html/Syndrome for success_files masthead_logo_small.gif
2007.04.09 20:34 B D:\Jeroen's stuff2007\Workdocuments2007\JDPSY2\Syndrome for success_files\rhc_newsemail.gif --> www.jdpsy.org /var/www/html/Syndrome for success_files rhc_newsemail.gif
2007.04.09 20:34 B D:\Jeroen's stuff2007\Workdocuments2007\JDPSY2\Syndrome for success_files\rhc_newsstorealert.gif --> www.jdpsy.org /var/www/html/Syndrome for success_files rhc_newsstorealert.gif
2007.04.09 20:34 B D:\Jeroen's stuff2007\Workdocuments2007\JDPSY2\Syndrome for success_files\s15786579741905.gif --> www.jdpsy.org /var/www/html/Syndrome for success_files s15786579741905.gif
2007.04.09 20:34 B D:\Jeroen's stuff2007\Workdocuments2007\JDPSY2\Syndrome for success_files\s_code_remote.js --> www.jdpsy.org /var/www/html/Syndrome for success_files s_code_remote.js
2007.04.09 20:34 B D:\Jeroen's stuff2007\Workdocuments2007\JDPSY2\Syndrome for success_files\screen.js --> www.jdpsy.org /var/www/html/Syndrome for success_files screen.js
2007.04.09 20:34 B D:\Jeroen's stuff2007\Workdocuments2007\JDPSY2\Syndrome for success_files\sitesmhadspace100x29.htm --> www.jdpsy.org /var/www/html/Syndrome for success_files sitesmhadspace100x29.htm
2007.04.09 20:34 B D:\Jeroen's stuff2007\Workdocuments2007\JDPSY2\Syndrome for success_files\smh_large.css --> www.jdpsy.org /var/www/html/Syndrome for success_files smh_large.css
2007.04.09 20:34 B D:\Jeroen's stuff2007\Workdocuments2007\JDPSY2\Syndrome for success_files\smh_print.css --> www.jdpsy.org /var/www/html/Syndrome for success_files smh_print.css
2007.04.09 20:34 B D:\Jeroen's stuff2007\Workdocuments2007\JDPSY2\Syndrome for success_files\switcher.js --> www.jdpsy.org /var/www/html/Syndrome for success_files switcher.js
2007.04.09 20:34 B D:\Jeroen's stuff2007\Workdocuments2007\JDPSY2\Syndrome for success_files\Thumbs.db --> www.jdpsy.org /var/www/html/Syndrome for success_files Thumbs.db
2007.04.09 22:28 B D:\JDPSYDOC2007\JDPSY2\Syndrome for success_files\adSwap.js --> www.jdpsy.org /home/jdpsy/JDPSY2/Syndrome for success_files adSwap.js
2007.04.09 22:28 B D:\JDPSYDOC2007\JDPSY2\Syndrome for success_files\adtypedoubleislandisiframeyesdomainsmh.htm --> www.jdpsy.org /home/jdpsy/JDPSY2/Syndrome for success_files adtypedoubleislandisiframeyesdomainsmh.htm
2007.04.09 22:28 B D:\JDPSYDOC2007\JDPSY2\Syndrome for success_files\adtypepanoramaisiframeyesdomainsmh.htm --> www.jdpsy.org /home/jdpsy/JDPSY2/Syndrome for success_files adtypepanoramaisiframeyesdomainsmh.htm
2007.04.09 22:28 B D:\JDPSYDOC2007\JDPSY2\Syndrome for success_files\behave.js --> www.jdpsy.org /home/jdpsy/JDPSY2/Syndrome for success_files behave.js
2007.04.09 22:28 B D:\JDPSYDOC2007\JDPSY2\Syndrome for success_files\c1.js --> www.jdpsy.org /home/jdpsy/JDPSY2/Syndrome for success_files c1.js
2007.04.09 22:28 B D:\JDPSYDOC2007\JDPSY2\Syndrome for success_files\clear.gif --> www.jdpsy.org /home/jdpsy/JDPSY2/Syndrome for success_files clear.gif
2007.04.09 22:28 B D:\JDPSYDOC2007\JDPSY2\Syndrome for success_files\ctypeindexcatrossiteageadspacetextadloc1isiframeyesdomainsmh.htm --> www.jdpsy.org /home/jdpsy/JDPSY2/Syndrome for success_files ctypeindexcatrossiteageadspacetextadloc1isiframeyesdomainsmh.htm
2007.04.09 22:28 B D:\JDPSYDOC2007\JDPSY2\Syndrome for success_files\ctypeindexcatrossiteageadspacetextadloc2isiframeyesdomainsmh.htm --> www.jdpsy.org /home/jdpsy/JDPSY2/Syndrome for success_files ctypeindexcatrossiteageadspacetextadloc2isiframeyesdomainsmh.htm
2007.04.09 22:28 B D:\JDPSYDOC2007\JDPSY2\Syndrome for success_files\ctypeindexcatrossiteageadspacetextadloc3isiframeyesdomainsmh.htm --> www.jdpsy.org /home/jdpsy/JDPSY2/Syndrome for success_files ctypeindexcatrossiteageadspacetextadloc3isiframeyesdomainsmh.htm
2007.04.09 22:28 B D:\JDPSYDOC2007\JDPSY2\Syndrome for success_files\deferAds.js --> www.jdpsy.org /home/jdpsy/JDPSY2/Syndrome for success_files deferAds.js
2007.04.09 22:28 B D:\JDPSYDOC2007\JDPSY2\Syndrome for success_files\fairfax_digital.gif --> www.jdpsy.org /home/jdpsy/JDPSY2/Syndrome for success_files fairfax_digital.gif
2007.04.09 22:28 B D:\JDPSYDOC2007\JDPSY2\Syndrome for success_files\ING_85x20.gif --> www.jdpsy.org /home/jdpsy/JDPSY2/Syndrome for success_files ING_85x20.gif
2007.04.09 22:28 B D:\JDPSYDOC2007\JDPSY2\Syndrome for success_files\li_xml.gif --> www.jdpsy.org /home/jdpsy/JDPSY2/Syndrome for success_files li_xml.gif
2007.04.09 22:28 B D:\JDPSYDOC2007\JDPSY2\Syndrome for success_files\masthead_logo_small.gif --> www.jdpsy.org /home/jdpsy/JDPSY2/Syndrome for success_files masthead_logo_small.gif
2007.04.09 22:28 B D:\JDPSYDOC2007\JDPSY2\Syndrome for success_files\rhc_newsemail.gif --> www.jdpsy.org /home/jdpsy/JDPSY2/Syndrome for success_files rhc_newsemail.gif
2007.04.09 22:28 B D:\JDPSYDOC2007\JDPSY2\Syndrome for success_files\rhc_newsstorealert.gif --> www.jdpsy.org /home/jdpsy/JDPSY2/Syndrome for success_files rhc_newsstorealert.gif
2007.04.09 22:28 B D:\JDPSYDOC2007\JDPSY2\Syndrome for success_files\s15786579741905.gif --> www.jdpsy.org /home/jdpsy/JDPSY2/Syndrome for success_files s15786579741905.gif
2007.04.09 22:28 B D:\JDPSYDOC2007\JDPSY2\Syndrome for success_files\s_code_remote.js --> www.jdpsy.org /home/jdpsy/JDPSY2/Syndrome for success_files s_code_remote.js
2007.04.09 22:28 B D:\JDPSYDOC2007\JDPSY2\Syndrome for success_files\screen.js --> www.jdpsy.org /home/jdpsy/JDPSY2/Syndrome for success_files screen.js
2007.04.09 22:28 B D:\JDPSYDOC2007\JDPSY2\Syndrome for success_files\sitesmhadspace100x29.htm --> www.jdpsy.org /home/jdpsy/JDPSY2/Syndrome for success_files sitesmhadspace100x29.htm
2007.04.09 22:28 B D:\JDPSYDOC2007\JDPSY2\Syndrome for success_files\smh_large.css --> www.jdpsy.org /home/jdpsy/JDPSY2/Syndrome for success_files smh_large.css
2007.04.09 22:28 B D:\JDPSYDOC2007\JDPSY2\Syndrome for success_files\smh_print.css --> www.jdpsy.org /home/jdpsy/JDPSY2/Syndrome for success_files smh_print.css
2007.04.09 22:28 B D:\JDPSYDOC2007\JDPSY2\Syndrome for success_files\switcher.js --> www.jdpsy.org /home/jdpsy/JDPSY2/Syndrome for success_files switcher.js
2007.04.09 22:28 B D:\JDPSYDOC2007\JDPSY2\Syndrome for success_files\Thumbs.db --> www.jdpsy.org /home/jdpsy/JDPSY2/Syndrome for success_files Thumbs.db
2007.04.09 22:28 B D:\JDPSYDOC2007\JDPSY2\Syndrome for success_files\WS_FTP.LOG --> www.jdpsy.org /home/jdpsy/JDPSY2/Syndrome for success_files WS_FTP.LOG
2007.04.09 22:38 B D:\JDPSYDOC2007\JDPSY2\Syndrome for success_files\adSwap.js --> www.jdpsy.org /home/jdpsy/Syndrome for success_files adSwap.js
2007.04.09 22:38 B D:\JDPSYDOC2007\JDPSY2\Syndrome for success_files\adtypedoubleislandisiframeyesdomainsmh.htm --> www.jdpsy.org /home/jdpsy/Syndrome for success_files adtypedoubleislandisiframeyesdomainsmh.htm
2007.04.09 22:39 B D:\JDPSYDOC2007\JDPSY2\Syndrome for success_files\adtypepanoramaisiframeyesdomainsmh.htm --> www.jdpsy.org /home/jdpsy/Syndrome for success_files adtypepanoramaisiframeyesdomainsmh.htm
2007.04.09 22:39 B D:\JDPSYDOC2007\JDPSY2\Syndrome for success_files\behave.js --> www.jdpsy.org /home/jdpsy/Syndrome for success_files behave.js
2007.04.09 22:39 B D:\JDPSYDOC2007\JDPSY2\Syndrome for success_files\c1.js --> www.jdpsy.org /home/jdpsy/Syndrome for success_files c1.js
2007.04.09 22:39 B D:\JDPSYDOC2007\JDPSY2\Syndrome for success_files\clear.gif --> www.jdpsy.org /home/jdpsy/Syndrome for success_files clear.gif
2007.04.09 22:39 B D:\JDPSYDOC2007\JDPSY2\Syndrome for success_files\ctypeindexcatrossiteageadspacetextadloc1isiframeyesdomainsmh.htm --> www.jdpsy.org /home/jdpsy/Syndrome for success_files ctypeindexcatrossiteageadspacetextadloc1isiframeyesdomainsmh.htm
2007.04.09 22:39 B D:\JDPSYDOC2007\JDPSY2\Syndrome for success_files\ctypeindexcatrossiteageadspacetextadloc2isiframeyesdomainsmh.htm --> www.jdpsy.org /home/jdpsy/Syndrome for success_files ctypeindexcatrossiteageadspacetextadloc2isiframeyesdomainsmh.htm
2007.04.09 22:39 B D:\JDPSYDOC2007\JDPSY2\Syndrome for success_files\ctypeindexcatrossiteageadspacetextadloc3isiframeyesdomainsmh.htm --> www.jdpsy.org /home/jdpsy/Syndrome for success_files ctypeindexcatrossiteageadspacetextadloc3isiframeyesdomainsmh.htm
2007.04.09 22:39 B D:\JDPSYDOC2007\JDPSY2\Syndrome for success_files\deferAds.js --> www.jdpsy.org /home/jdpsy/Syndrome for success_files deferAds.js
2007.04.09 22:39 B D:\JDPSYDOC2007\JDPSY2\Syndrome for success_files\fairfax_digital.gif --> www.jdpsy.org /home/jdpsy/Syndrome for success_files fairfax_digital.gif
2007.04.09 22:39 B D:\JDPSYDOC2007\JDPSY2\Syndrome for success_files\ING_85x20.gif --> www.jdpsy.org /home/jdpsy/Syndrome for success_files ING_85x20.gif
2007.04.09 22:39 B D:\JDPSYDOC2007\JDPSY2\Syndrome for success_files\li_xml.gif --> www.jdpsy.org /home/jdpsy/Syndrome for success_files li_xml.gif
2007.04.09 22:39 B D:\JDPSYDOC2007\JDPSY2\Syndrome for success_files\masthead_logo_small.gif --> www.jdpsy.org /home/jdpsy/Syndrome for success_files masthead_logo_small.gif
2007.04.09 22:39 B D:\JDPSYDOC2007\JDPSY2\Syndrome for success_files\rhc_newsemail.gif --> www.jdpsy.org /home/jdpsy/Syndrome for success_files rhc_newsemail.gif
2007.04.09 22:39 B D:\JDPSYDOC2007\JDPSY2\Syndrome for success_files\rhc_newsstorealert.gif --> www.jdpsy.org /home/jdpsy/Syndrome for success_files rhc_newsstorealert.gif
2007.04.09 22:39 B D:\JDPSYDOC2007\JDPSY2\Syndrome for success_files\s15786579741905.gif --> www.jdpsy.org /home/jdpsy/Syndrome for success_files s15786579741905.gif
2007.04.09 22:39 B D:\JDPSYDOC2007\JDPSY2\Syndrome for success_files\s_code_remote.js --> www.jdpsy.org /home/jdpsy/Syndrome for success_files s_code_remote.js
2007.04.09 22:39 B D:\JDPSYDOC2007\JDPSY2\Syndrome for success_files\screen.js --> www.jdpsy.org /home/jdpsy/Syndrome for success_files screen.js
2007.04.09 22:39 B D:\JDPSYDOC2007\JDPSY2\Syndrome for success_files\sitesmhadspace100x29.htm --> www.jdpsy.org /home/jdpsy/Syndrome for success_files sitesmhadspace100x29.htm
2007.04.09 22:39 B D:\JDPSYDOC2007\JDPSY2\Syndrome for success_files\smh_large.css --> www.jdpsy.org /home/jdpsy/Syndrome for success_files smh_large.css
2007.04.09 22:39 B D:\JDPSYDOC2007\JDPSY2\Syndrome for success_files\smh_print.css --> www.jdpsy.org /home/jdpsy/Syndrome for success_files smh_print.css
2007.04.09 22:39 B D:\JDPSYDOC2007\JDPSY2\Syndrome for success_files\switcher.js --> www.jdpsy.org /home/jdpsy/Syndrome for success_files switcher.js
2007.04.09 22:39 B D:\JDPSYDOC2007\JDPSY2\Syndrome for success_files\Thumbs.db --> www.jdpsy.org /home/jdpsy/Syndrome for success_files Thumbs.db
2007.04.09 22:39 B D:\JDPSYDOC2007\JDPSY2\Syndrome for success_files\WS_FTP.LOG --> www.jdpsy.org /home/jdpsy/Syndrome for success_files WS_FTP.LOG
