2007.04.09 20:33 B D:\Jeroen's stuff2007\Workdocuments2007\JDPSY2\_notes\colors.dfv --> www.jdpsy.org /var/www/html/_notes colors.dfv
2007.04.09 20:33 B D:\Jeroen's stuff2007\Workdocuments2007\JDPSY2\_notes\Details.html.mno --> www.jdpsy.org /var/www/html/_notes Details.html.mno
2007.04.09 20:33 B D:\Jeroen's stuff2007\Workdocuments2007\JDPSY2\_notes\Details2.html.mno --> www.jdpsy.org /var/www/html/_notes Details2.html.mno
2007.04.09 20:33 B D:\Jeroen's stuff2007\Workdocuments2007\JDPSY2\_notes\Details3.html.mno --> www.jdpsy.org /var/www/html/_notes Details3.html.mno
2007.04.09 20:33 B D:\Jeroen's stuff2007\Workdocuments2007\JDPSY2\_notes\dwsync.xml --> www.jdpsy.org /var/www/html/_notes dwsync.xml
2007.04.09 20:33 B D:\Jeroen's stuff2007\Workdocuments2007\JDPSY2\_notes\mm_travel2.css.mno --> www.jdpsy.org /var/www/html/_notes mm_travel2.css.mno
2007.04.09 22:27 B D:\JDPSYDOC2007\JDPSY2\_notes\colors.dfv --> www.jdpsy.org /home/jdpsy/JDPSY2/_notes colors.dfv
2007.04.09 22:27 B D:\JDPSYDOC2007\JDPSY2\_notes\Details.html.mno --> www.jdpsy.org /home/jdpsy/JDPSY2/_notes Details.html.mno
2007.04.09 22:27 B D:\JDPSYDOC2007\JDPSY2\_notes\Details2.html.mno --> www.jdpsy.org /home/jdpsy/JDPSY2/_notes Details2.html.mno
2007.04.09 22:27 B D:\JDPSYDOC2007\JDPSY2\_notes\Details3.html.mno --> www.jdpsy.org /home/jdpsy/JDPSY2/_notes Details3.html.mno
2007.04.09 22:27 B D:\JDPSYDOC2007\JDPSY2\_notes\dwsync.xml --> www.jdpsy.org /home/jdpsy/JDPSY2/_notes dwsync.xml
2007.04.09 22:27 B D:\JDPSYDOC2007\JDPSY2\_notes\mm_travel2.css.mno --> www.jdpsy.org /home/jdpsy/JDPSY2/_notes mm_travel2.css.mno
2007.04.09 22:27 B D:\JDPSYDOC2007\JDPSY2\_notes\WS_FTP.LOG --> www.jdpsy.org /home/jdpsy/JDPSY2/_notes WS_FTP.LOG
2007.04.09 22:37 B D:\JDPSYDOC2007\JDPSY2\_notes\colors.dfv --> www.jdpsy.org /home/jdpsy/_notes colors.dfv
2007.04.09 22:37 B D:\JDPSYDOC2007\JDPSY2\_notes\Details.html.mno --> www.jdpsy.org /home/jdpsy/_notes Details.html.mno
2007.04.09 22:37 B D:\JDPSYDOC2007\JDPSY2\_notes\Details2.html.mno --> www.jdpsy.org /home/jdpsy/_notes Details2.html.mno
2007.04.09 22:37 B D:\JDPSYDOC2007\JDPSY2\_notes\Details3.html.mno --> www.jdpsy.org /home/jdpsy/_notes Details3.html.mno
2007.04.09 22:37 B D:\JDPSYDOC2007\JDPSY2\_notes\dwsync.xml --> www.jdpsy.org /home/jdpsy/_notes dwsync.xml
2007.04.09 22:37 B D:\JDPSYDOC2007\JDPSY2\_notes\mm_travel2.css.mno --> www.jdpsy.org /home/jdpsy/_notes mm_travel2.css.mno
2007.04.09 22:37 B D:\JDPSYDOC2007\JDPSY2\_notes\WS_FTP.LOG --> www.jdpsy.org /home/jdpsy/_notes WS_FTP.LOG
